d:\c##\dwfwef\x64\debug\vc143.pdb
d:\c##\dwfwef\x64\debug\vc143.idb
d:\c##\dwfwef\x64\debug\product.obj
d:\c##\dwfwef\x64\debug\waiter.obj
d:\c##\dwfwef\x64\debug\supplier.obj
d:\c##\dwfwef\x64\debug\order.obj
d:\c##\dwfwef\x64\debug\inventorymanager.obj
d:\c##\dwfwef\x64\debug\chef.obj
d:\c##\dwfwef\x64\debug\accountant.obj
d:\c##\dwfwef\x64\debug\authorizationmanager.obj
d:\c##\dwfwef\x64\debug\employee.obj
d:\c##\dwfwef\x64\debug\adminmanager.obj
d:\c##\dwfwef\x64\debug\dwfwef.ilk
d:\c##\dwfwef\x64\debug\dwfwef.exe
d:\c##\dwfwef\x64\debug\dwfwef.pdb
d:\c##\dwfwef\x64\debug\dwfwef.obj
d:\c##\dwfwef\x64\debug\dwfwef.tlog\cl.command.1.tlog
d:\c##\dwfwef\x64\debug\dwfwef.tlog\cl.items.tlog
d:\c##\dwfwef\x64\debug\dwfwef.tlog\cl.read.1.tlog
d:\c##\dwfwef\x64\debug\dwfwef.tlog\cl.write.1.tlog
d:\c##\dwfwef\x64\debug\dwfwef.tlog\link.command.1.tlog
d:\c##\dwfwef\x64\debug\dwfwef.tlog\link.read.1.tlog
d:\c##\dwfwef\x64\debug\dwfwef.tlog\link.write.1.tlog
